# JRE version: OpenJDK Runtime Environment Temurin-17.0.8.1+1 (17.0.8.1+1) (build 17.0.8.1+1)
# Java VM: OpenJDK 64-Bit Server VM Temurin-17.0.8.1+1 (17.0.8.1+1, mixed mode, emulated-client, tiered, compressed oops, compressed class ptrs, g1 gc, windows-amd64)
GC Precious Log:
 CPUs: 8 total, 8 available
 Memory: 16078M
 Large Page Support: Disabled
 NUMA Support: Disabled
 Compressed Oops: Enabled (32-bit)
 Heap Region Size: 1M
 Heap Min Capacity: 8M
 Heap Initial Capacity: 252M
 Heap Max Capacity: 1G
 Pre-touch: Disabled
 Parallel Workers: 8
 Concurrent Workers: 2
 Concurrent Refinement Workers: 8
 Periodic GC: Disabled
Heap:
 garbage-first heap   total 92160K, used 32030K [0x00000000c0000000, 0x0000000100000000)
  region size 1024K, 1 young (1024K), 0 survivors (0K)
 Metaspace       used 57204K, committed 57600K, reserved 1114112K
  class space    used 7319K, committed 7488K, reserved 1048576K
GC Heap History (20 events):
Event: 11953.791 GC heap before
{Heap before GC invocations=1040 (full 1016):
 garbage-first heap   total 92160K, used 32030K [0x00000000c0000000, 0x0000000100000000)
  region size 1024K, 1 young (1024K), 0 survivors (0K)
 Metaspace       used 57204K, committed 57600K, reserved 1114112K
  class space    used 7319K, committed 7488K, reserved 1048576K
}
Event: 11953.826 GC heap after
{Heap after GC invocations=1041 (full 1017):
 garbage-first heap   total 92160K, used 32030K [0x00000000c0000000, 0x0000000100000000)
  region size 1024K, 0 young (0K), 0 survivors (0K)
 Metaspace       used 57204K, committed 57600K, reserved 1114112K
  class space    used 7319K, committed 7488K, reserved 1048576K
}
Event: 11963.861 GC heap before
{Heap before GC invocations=1041 (full 1017):
 garbage-first heap   total 92160K, used 32030K [0x00000000c0000000, 0x0000000100000000)
  region size 1024K, 1 young (1024K), 0 survivors (0K)
 Metaspace       used 57204K, committed 57600K, reserved 1114112K
  class space    used 7319K, committed 7488K, reserved 1048576K
}
Event: 11963.890 GC heap after
{Heap after GC invocations=1042 (full 1018):
 garbage-first heap   total 92160K, used 32030K [0x00000000c0000000, 0x0000000100000000)
  region size 1024K, 0 young (0K), 0 survivors (0K)
 Metaspace       used 57204K, committed 57600K, reserved 1114112K
  class space    used 7319K, committed 7488K, reserved 1048576K
}
Event: 11973.933 GC heap before
{Heap before GC invocations=1042 (full 1018):
 garbage-first heap   total 92160K, used 32030K [0x00000000c0000000, 0x0000000100000000)
  region size 1024K, 1 young (1024K), 0 survivors (0K)
 Metaspace       used 57204K, committed 57600K, reserved 1114112K
  class space    used 7319K, committed 7488K, reserved 1048576K
}
Event: 11973.964 GC heap after
{Heap after GC invocations=1043 (full 1019):
 garbage-first heap   total 92160K, used 32030K [0x00000000c0000000, 0x0000000100000000)
  region size 1024K, 0 young (0K), 0 survivors (0K)
 Metaspace       used 57204K, committed 57600K, reserved 1114112K
  class space    used 7319K, committed 7488K, reserved 1048576K
}
Event: 11983.995 GC heap before
{Heap before GC invocations=1043 (full 1019):
 garbage-first heap   total 92160K, used 32030K [0x00000000c0000000, 0x0000000100000000)
  region size 1024K, 1 young (1024K), 0 survivors (0K)
 Metaspace       used 57204K, committed 57600K, reserved 1114112K
  class space    used 7319K, committed 7488K, reserved 1048576K
}
Event: 11984.027 GC heap after
{Heap after GC invocations=1044 (full 1020):
 garbage-first heap   total 92160K, used 32030K [0x00000000c0000000, 0x0000000100000000)
  region size 1024K, 0 young (0K), 0 survivors (0K)
 Metaspace       used 57204K, committed 57600K, reserved 1114112K
  class space    used 7319K, committed 7488K, reserved 1048576K
}
Event: 11994.072 GC heap before
{Heap before GC invocations=1044 (full 1020):
 garbage-first heap   total 92160K, used 32030K [0x00000000c0000000, 0x0000000100000000)
  region size 1024K, 1 young (1024K), 0 survivors (0K)
 Metaspace       used 57204K, committed 57600K, reserved 1114112K
  class space    used 7319K, committed 7488K, reserved 1048576K
}
Event: 11994.097 GC heap after
{Heap after GC invocations=1045 (full 1021):
 garbage-first heap   total 92160K, used 32030K [0x00000000c0000000, 0x0000000100000000)
  region size 1024K, 0 young (0K), 0 survivors (0K)
 Metaspace       used 57204K, committed 57600K, reserved 1114112K
  class space    used 7319K, committed 7488K, reserved 1048576K
}
Event: 12004.135 GC heap before
{Heap before GC invocations=1045 (full 1021):
 garbage-first heap   total 92160K, used 32030K [0x00000000c0000000, 0x0000000100000000)
  region size 1024K, 1 young (1024K), 0 survivors (0K)
 Metaspace       used 57204K, committed 57600K, reserved 1114112K
  class space    used 7319K, committed 7488K, reserved 1048576K
}
Event: 12004.163 GC heap after
{Heap after GC invocations=1046 (full 1022):
 garbage-first heap   total 92160K, used 32030K [0x00000000c0000000, 0x0000000100000000)
  region size 1024K, 0 young (0K), 0 survivors (0K)
 Metaspace       used 57204K, committed 57600K, reserved 1114112K
  class space    used 7319K, committed 7488K, reserved 1048576K
}
Event: 12014.205 GC heap before
{Heap before GC invocations=1046 (full 1022):
 garbage-first heap   total 92160K, used 32030K [0x00000000c0000000, 0x0000000100000000)
  region size 1024K, 1 young (1024K), 0 survivors (0K)
 Metaspace       used 57204K, committed 57600K, reserved 1114112K
  class space    used 7319K, committed 7488K, reserved 1048576K
}
Event: 12014.230 GC heap after
{Heap after GC invocations=1047 (full 1023):
 garbage-first heap   total 92160K, used 32030K [0x00000000c0000000, 0x0000000100000000)
  region size 1024K, 0 young (0K), 0 survivors (0K)
 Metaspace       used 57204K, committed 57600K, reserved 1114112K
  class space    used 7319K, committed 7488K, reserved 1048576K
}
Event: 12024.260 GC heap before
{Heap before GC invocations=1047 (full 1023):
 garbage-first heap   total 92160K, used 32030K [0x00000000c0000000, 0x0000000100000000)
  region size 1024K, 1 young (1024K), 0 survivors (0K)
 Metaspace       used 57204K, committed 57600K, reserved 1114112K
  class space    used 7319K, committed 7488K, reserved 1048576K
}
Event: 12024.289 GC heap after
{Heap after GC invocations=1048 (full 1024):
 garbage-first heap   total 92160K, used 32030K [0x00000000c0000000, 0x0000000100000000)
  region size 1024K, 0 young (0K), 0 survivors (0K)
 Metaspace       used 57204K, committed 57600K, reserved 1114112K
  class space    used 7319K, committed 7488K, reserved 1048576K
}
Event: 12034.344 GC heap before
{Heap before GC invocations=1048 (full 1024):
 garbage-first heap   total 92160K, used 32030K [0x00000000c0000000, 0x0000000100000000)
  region size 1024K, 1 young (1024K), 0 survivors (0K)
 Metaspace       used 57204K, committed 57600K, reserved 1114112K
  class space    used 7319K, committed 7488K, reserved 1048576K
}
Event: 12034.379 GC heap after
{Heap after GC invocations=1049 (full 1025):
 garbage-first heap   total 92160K, used 32030K [0x00000000c0000000, 0x0000000100000000)
  region size 1024K, 0 young (0K), 0 survivors (0K)
 Metaspace       used 57204K, committed 57600K, reserved 1114112K
  class space    used 7319K, committed 7488K, reserved 1048576K
}
Event: 12044.413 GC heap before
{Heap before GC invocations=1049 (full 1025):
 garbage-first heap   total 92160K, used 32030K [0x00000000c0000000, 0x0000000100000000)
  region size 1024K, 1 young (1024K), 0 survivors (0K)
 Metaspace       used 57204K, committed 57600K, reserved 1114112K
  class space    used 7319K, committed 7488K, reserved 1048576K
}
Event: 12044.449 GC heap after
{Heap after GC invocations=1050 (full 1026):
 garbage-first heap   total 92160K, used 32030K [0x00000000c0000000, 0x0000000100000000)
  region size 1024K, 0 young (0K), 0 survivors (0K)
 Metaspace       used 57204K, committed 57600K, reserved 1114112K
  class space    used 7319K, committed 7488K, reserved 1048576K
}

